<!DOCTYPE html>
<html>
  <head>
    <meta charset="utf-8"/>
    <title>Test Report</title>
    <link href="assets/style.css" rel="stylesheet" type="text/css"/></head>
  <body onLoad="init()">
    <script>/* This Source Code Form is subject to the terms of the Mozilla Public
 * License, v. 2.0. If a copy of the MPL was not distributed with this file,
 * You can obtain one at http://mozilla.org/MPL/2.0/. */


function toArray(iter) {
    if (iter === null) {
        return null;
    }
    return Array.prototype.slice.call(iter);
}

function find(selector, elem) {
    if (!elem) {
        elem = document;
    }
    return elem.querySelector(selector);
}

function find_all(selector, elem) {
    if (!elem) {
        elem = document;
    }
    return toArray(elem.querySelectorAll(selector));
}

function sort_column(elem) {
    toggle_sort_states(elem);
    var colIndex = toArray(elem.parentNode.childNodes).indexOf(elem);
    var key;
    if (elem.classList.contains('numeric')) {
        key = key_num;
    } else if (elem.classList.contains('result')) {
        key = key_result;
    } else {
        key = key_alpha;
    }
    sort_table(elem, key(colIndex));
}

function show_all_extras() {
    find_all('.col-result').forEach(show_extras);
}

function hide_all_extras() {
    find_all('.col-result').forEach(hide_extras);
}

function show_extras(colresult_elem) {
    var extras = colresult_elem.parentNode.nextElementSibling;
    var expandcollapse = colresult_elem.firstElementChild;
    extras.classList.remove("collapsed");
    expandcollapse.classList.remove("expander");
    expandcollapse.classList.add("collapser");
}

function hide_extras(colresult_elem) {
    var extras = colresult_elem.parentNode.nextElementSibling;
    var expandcollapse = colresult_elem.firstElementChild;
    extras.classList.add("collapsed");
    expandcollapse.classList.remove("collapser");
    expandcollapse.classList.add("expander");
}

function show_filters() {
    var filter_items = document.getElementsByClassName('filter');
    for (var i = 0; i < filter_items.length; i++)
        filter_items[i].hidden = false;
}

function add_collapse() {
    // Add links for show/hide all
    var resulttable = find('table#results-table');
    var showhideall = document.createElement("p");
    showhideall.innerHTML = '<a href="javascript:show_all_extras()">Show all details</a> / ' +
                            '<a href="javascript:hide_all_extras()">Hide all details</a>';
    resulttable.parentElement.insertBefore(showhideall, resulttable);

    // Add show/hide link to each result
    find_all('.col-result').forEach(function(elem) {
        var collapsed = get_query_parameter('collapsed') || 'Passed';
        var extras = elem.parentNode.nextElementSibling;
        var expandcollapse = document.createElement("span");
        if (collapsed.includes(elem.innerHTML)) {
            extras.classList.add("collapsed");
            expandcollapse.classList.add("expander");
        } else {
            expandcollapse.classList.add("collapser");
        }
        elem.appendChild(expandcollapse);

        elem.addEventListener("click", function(event) {
            if (event.currentTarget.parentNode.nextElementSibling.classList.contains("collapsed")) {
                show_extras(event.currentTarget);
            } else {
                hide_extras(event.currentTarget);
            }
        });
    })
}

function get_query_parameter(name) {
    var match = RegExp('[?&]' + name + '=([^&]*)').exec(window.location.search);
    return match && decodeURIComponent(match[1].replace(/\+/g, ' '));
}

function init () {
    reset_sort_headers();

    add_collapse();

    show_filters();

    toggle_sort_states(find('.initial-sort'));

    find_all('.sortable').forEach(function(elem) {
        elem.addEventListener("click",
                              function(event) {
                                  sort_column(elem);
                              }, false)
    });

};

function sort_table(clicked, key_func) {
    var rows = find_all('.results-table-row');
    var reversed = !clicked.classList.contains('asc');
    var sorted_rows = sort(rows, key_func, reversed);
    /* Whole table is removed here because browsers acts much slower
     * when appending existing elements.
     */
    var thead = document.getElementById("results-table-head");
    document.getElementById('results-table').remove();
    var parent = document.createElement("table");
    parent.id = "results-table";
    parent.appendChild(thead);
    sorted_rows.forEach(function(elem) {
        parent.appendChild(elem);
    });
    document.getElementsByTagName("BODY")[0].appendChild(parent);
}

function sort(items, key_func, reversed) {
    var sort_array = items.map(function(item, i) {
        return [key_func(item), i];
    });
    var multiplier = reversed ? -1 : 1;

    sort_array.sort(function(a, b) {
        var key_a = a[0];
        var key_b = b[0];
        return multiplier * (key_a >= key_b ? 1 : -1);
    });

    return sort_array.map(function(item) {
        var index = item[1];
        return items[index];
    });
}

function key_alpha(col_index) {
    return function(elem) {
        return elem.childNodes[1].childNodes[col_index].firstChild.data.toLowerCase();
    };
}

function key_num(col_index) {
    return function(elem) {
        return parseFloat(elem.childNodes[1].childNodes[col_index].firstChild.data);
    };
}

function key_result(col_index) {
    return function(elem) {
        var strings = ['Error', 'Failed', 'Rerun', 'XFailed', 'XPassed',
                       'Skipped', 'Passed'];
        return strings.indexOf(elem.childNodes[1].childNodes[col_index].firstChild.data);
    };
}

function reset_sort_headers() {
    find_all('.sort-icon').forEach(function(elem) {
        elem.parentNode.removeChild(elem);
    });
    find_all('.sortable').forEach(function(elem) {
        var icon = document.createElement("div");
        icon.className = "sort-icon";
        icon.textContent = "vvv";
        elem.insertBefore(icon, elem.firstChild);
        elem.classList.remove("desc", "active");
        elem.classList.add("asc", "inactive");
    });
}

function toggle_sort_states(elem) {
    //if active, toggle between asc and desc
    if (elem.classList.contains('active')) {
        elem.classList.toggle('asc');
        elem.classList.toggle('desc');
    }

    //if inactive, reset all other functions and add ascending active
    if (elem.classList.contains('inactive')) {
        reset_sort_headers();
        elem.classList.remove('inactive');
        elem.classList.add('active');
    }
}

function is_all_rows_hidden(value) {
  return value.hidden == false;
}

function filter_table(elem) {
    var outcome_att = "data-test-result";
    var outcome = elem.getAttribute(outcome_att);
    class_outcome = outcome + " results-table-row";
    var outcome_rows = document.getElementsByClassName(class_outcome);

    for(var i = 0; i < outcome_rows.length; i++){
        outcome_rows[i].hidden = !elem.checked;
    }

    var rows = find_all('.results-table-row').filter(is_all_rows_hidden);
    var all_rows_hidden = rows.length == 0 ? true : false;
    var not_found_message = document.getElementById("not-found-message");
    not_found_message.hidden = !all_rows_hidden;
}
</script>
    <h1>Test_Run Date 20-04-20 Time 18-00-35.html</h1>
    <p>Report generated on 20-Apr-2020 at 21:01:48 by<a href="https://pypi.python.org/pypi/pytest-html"> pytest-html</a> v1.19.0</p>
    <h2>Environment</h2>
    <table id="environment">
      <tr>
        <td>Environment</td>
        <td>uat</td></tr>
      <tr>
        <td>Packages</td>
        <td>{&apos;pytest&apos;: &apos;5.4.1&apos;, &apos;py&apos;: &apos;1.8.1&apos;, &apos;pluggy&apos;: &apos;0.13.1&apos;}</td></tr>
      <tr>
        <td>Platform</td>
        <td>Windows-10-10.0.18362-SP0</td></tr>
      <tr>
        <td>Plugins</td>
        <td>{&apos;forked&apos;: &apos;1.1.3&apos;, &apos;html&apos;: &apos;1.19.0&apos;, &apos;metadata&apos;: &apos;1.8.0&apos;, &apos;ordering&apos;: &apos;0.6&apos;, &apos;xdist&apos;: &apos;1.31.0&apos;}</td></tr>
      <tr>
        <td>Python</td>
        <td>3.6.2</td></tr></table>
    <h2>Summary</h2>
    <p>3 tests ran in 72.84 seconds. </p>
    <p class="filter" hidden="true">(Un)check the boxes to filter the results.</p><input checked="true" class="filter" data-test-result="passed" disabled="true" hidden="true" name="filter_checkbox" onChange="filter_table(this)" type="checkbox"/><span class="passed">0 passed</span>, <input checked="true" class="filter" data-test-result="skipped" disabled="true" hidden="true" name="filter_checkbox" onChange="filter_table(this)" type="checkbox"/><span class="skipped">0 skipped</span>, <input checked="true" class="filter" data-test-result="failed" hidden="true" name="filter_checkbox" onChange="filter_table(this)" type="checkbox"/><span class="failed">3 failed</span>, <input checked="true" class="filter" data-test-result="error" disabled="true" hidden="true" name="filter_checkbox" onChange="filter_table(this)" type="checkbox"/><span class="error">0 errors</span>, <input checked="true" class="filter" data-test-result="xfailed" disabled="true" hidden="true" name="filter_checkbox" onChange="filter_table(this)" type="checkbox"/><span class="xfailed">0 expected failures</span>, <input checked="true" class="filter" data-test-result="xpassed" disabled="true" hidden="true" name="filter_checkbox" onChange="filter_table(this)" type="checkbox"/><span class="xpassed">0 unexpected passes</span>
    <h2>Results</h2>
    <table id="results-table">
      <thead id="results-table-head">
        <tr>
          <th class="sortable result initial-sort" col="result">Result</th>
          <th class="sortable time" col="time">Time</th>
          <th class="sortable" col="name">Test</th>
          <th>Description</th>
          <th class="sortable numeric" col="duration">Duration</th></tr>
        <tr hidden="true" id="not-found-message">
          <th colspan="5">No results found. Try to check the filters</th></tr></thead>
      <tbody class="failed results-table-row">
        <tr>
          <td class="col-result">Failed</td>
          <td class="col-time">2020-04-20 18:01:10.321664</td>
          <td class="col-name">tests/facebook/test_facebook.py::FaceBookTests::test_prod[g3wtest01@gmail.com-Tester123-False]</td>
          <td>None</td>
          <td class="col-duration">24.52</td></tr>
        <tr>
          <td class="extra" colspan="5">
            <div class="image"><a href="assets/a2f29d966187c8a28dacfc84921d167f.png"><img src="assets/a2f29d966187c8a28dacfc84921d167f.png"/></a></div>
            <div class="log">self = &lt;base.utilities.resultsstatus.ResultsStatus object at 0x000001AF2D483F98&gt;, result = True, resultMessage = False<br/><br/>    def setResult(self, result, resultMessage):<br/>        try:<br/>            if result is not None:  # first checks if the result is None in order to further check for True and False<br/>                if result:<br/>                    self.resultList.append(&quot;PASS&quot;) # marks the results as Passed when the result is True<br/>&gt;                   self.log.info(&quot;### VERIFICATION SUCCESSFUL :: + &quot; + resultMessage)<br/><span class="error">E                   TypeError: must be str, not bool</span><br/><br/>base\utilities\resultsstatus.py:32: TypeError<br/><br/>During handling of the above exception, another exception occurred:<br/><br/>self = &lt;test_facebook.FaceBookTests object at 0x000001AF2D467438&gt;, username = &#x27;g3wtest01@gmail.com&#x27;, password = &#x27;Tester123&#x27;, expected = False<br/><br/>    @pytest.mark.fb<br/>    @pytest.mark.parametrize(&quot;username,  password, expected&quot;,<br/>                             [<br/>                             (&quot;g3wtest01@gmail.com&quot;, &quot;Tester123&quot;, False),<br/>                             (&quot;g3wtest01@gmail.com&quot;, &quot;T&quot;, True),<br/>                             (&quot;T&quot;, &quot;Tester123&quot;, True)<br/>                              ]<br/>                             )<br/>    def test_prod(self, username, password, expected):<br/>        self.fb.go_to_fb()<br/>        self.fb.fb_login(username, password)<br/>        self.fb.sleep(5)<br/>        result = self.fb.check_password_field_to_match_expected_result(expected)<br/>&gt;       self.ts.markFinal(&quot;Scenarii multiple de login&quot;, result, expected)<br/><br/>tests\facebook\test_facebook.py:27: <br/>_ _ _ _ _ _ _ _ _ _ _ _ _ _ _ _ _ _ _ _ _ _ _ _ _ _ _ _ _ _ _ _ _ _ _ _ _ _ _ _ <br/>base\utilities\resultsstatus.py:59: in markFinal<br/>    self.setResult(result, resultMessage)<br/>base\utilities\resultsstatus.py:44: in setResult<br/>    self.screenShot(resultMessage)<br/>_ _ _ _ _ _ _ _ _ _ _ _ _ _ _ _ _ _ _ _ _ _ _ _ _ _ _ _ _ _ _ _ _ _ _ _ _ _ _ _ <br/><br/>self = &lt;base.utilities.resultsstatus.ResultsStatus object at 0x000001AF2D483F98&gt;, resultMessage = False<br/><br/>    def screenShot(self, resultMessage):<br/>&gt;       fileName = resultMessage  + &quot; &quot; + str(time.strftime(&quot;%d-%m-%H-%M-%S&quot;, time.gmtime())) + &quot;.png&quot;<br/><span class="error">E       TypeError: unsupported operand type(s) for +: &#x27;bool&#x27; and &#x27;str&#x27;</span><br/><br/>base\selenium_driver.py:38: TypeError<br/>------------------------------ Captured log call -------------------------------<br/><span class="ansi32">INFO    </span> FaceBookPage:selenium_driver.py:103 Waiting for the element &#x27;pass&#x27; 2 more seconds to be displayed 
<span class="ansi32">INFO    </span> FaceBookPage:selenium_driver.py:103 Waiting for the element &#x27;pass&#x27; 2 more seconds to be displayed 
<span class="ansi32">INFO    </span> FaceBookPage:selenium_driver.py:103 Waiting for the element &#x27;pass&#x27; 2 more seconds to be displayed 
<span class="ansi32">INFO    </span> FaceBookPage:selenium_driver.py:103 Waiting for the element &#x27;pass&#x27; 2 more seconds to be displayed 
<span class="ansi32">INFO    </span> FaceBookPage:selenium_driver.py:103 Waiting for the element &#x27;pass&#x27; 2 more seconds to be displayed 
<span class="ansi32">INFO    </span> FaceBookPage:selenium_driver.py:103 Waiting for the element &#x27;pass&#x27; 2 more seconds to be displayed 
<span class="ansi32">INFO    </span> FaceBookPage:selenium_driver.py:103 Waiting for the element &#x27;pass&#x27; 2 more seconds to be displayed 
<span class="ansi32">INFO    </span> FaceBookPage:selenium_driver.py:103 Waiting for the element &#x27;pass&#x27; 2 more seconds to be displayed 
<span class="ansi32">INFO    </span> FaceBookPage:selenium_driver.py:103 Waiting for the element &#x27;pass&#x27; 2 more seconds to be displayed 
<span class="ansi32">INFO    </span> FaceBookPage:selenium_driver.py:98 Element &#x27;pass&#x27; could not be found despite waiting for 20 seconds, exception : Message: no such element: Unable to locate element: {&quot;method&quot;:&quot;css selector&quot;,&quot;selector&quot;:&quot;[id=&quot;pass&quot;]&quot;}
  (Session info: chrome=81.0.4044.113)
Traceback (most recent call last):
  File &quot;C:\Users\arend\OneDrive\Desktop\automation_fw\base\selenium_driver.py&quot;, line 94, in getElement
    element = self.driver.find_element(byType, locator)
  File &quot;c:\users\arend\appdata\local\programs\python\python36\lib\site-packages\selenium\webdriver\remote\webdriver.py&quot;, line 978, in find_element
    &#x27;value&#x27;: value})[&#x27;value&#x27;]
  File &quot;c:\users\arend\appdata\local\programs\python\python36\lib\site-packages\selenium\webdriver\remote\webdriver.py&quot;, line 321, in execute
    self.error_handler.check_response(response)
  File &quot;c:\users\arend\appdata\local\programs\python\python36\lib\site-packages\selenium\webdriver\remote\errorhandler.py&quot;, line 242, in check_response
    raise exception_class(message, screen, stacktrace)
selenium.common.exceptions.NoSuchElementException: Message: no such element: Unable to locate element: {&quot;method&quot;:&quot;css selector&quot;,&quot;selector&quot;:&quot;[id=&quot;pass&quot;]&quot;}
  (Session info: chrome=81.0.4044.113)

<span class="ansi1"></span><span class="ansi1 ansi31">ERROR   </span> FaceBookPage:selenium_driver.py:341 Element not found  Message: no such element: Unable to locate element: {&quot;method&quot;:&quot;css selector&quot;,&quot;selector&quot;:&quot;[id=&quot;pass&quot;]&quot;}
  (Session info: chrome=81.0.4044.113)

<span class="ansi1"></span><span class="ansi1 ansi31">ERROR   </span> ResultsStatus:resultsstatus.py:43 ### Exception Occurred !!!</div></td></tr></tbody>
      <tbody class="failed results-table-row">
        <tr>
          <td class="col-result">Failed</td>
          <td class="col-time">2020-04-20 18:01:28.386711</td>
          <td class="col-name">tests/facebook/test_facebook.py::FaceBookTests::test_prod[g3wtest01@gmail.com-T-True]</td>
          <td>None</td>
          <td class="col-duration">6.12</td></tr>
        <tr>
          <td class="extra" colspan="5">
            <div class="image"><a href="assets/46a77d27d31961f89521dc85c36e0da8.png"><img src="assets/46a77d27d31961f89521dc85c36e0da8.png"/></a></div>
            <div class="log">self = &lt;base.utilities.resultsstatus.ResultsStatus object at 0x000001AF2D508D68&gt;, result = True, resultMessage = True<br/><br/>    def setResult(self, result, resultMessage):<br/>        try:<br/>            if result is not None:  # first checks if the result is None in order to further check for True and False<br/>                if result:<br/>                    self.resultList.append(&quot;PASS&quot;) # marks the results as Passed when the result is True<br/>&gt;                   self.log.info(&quot;### VERIFICATION SUCCESSFUL :: + &quot; + resultMessage)<br/><span class="error">E                   TypeError: must be str, not bool</span><br/><br/>base\utilities\resultsstatus.py:32: TypeError<br/><br/>During handling of the above exception, another exception occurred:<br/><br/>self = &lt;test_facebook.FaceBookTests object at 0x000001AF2D497470&gt;, username = &#x27;g3wtest01@gmail.com&#x27;, password = &#x27;T&#x27;, expected = True<br/><br/>    @pytest.mark.fb<br/>    @pytest.mark.parametrize(&quot;username,  password, expected&quot;,<br/>                             [<br/>                             (&quot;g3wtest01@gmail.com&quot;, &quot;Tester123&quot;, False),<br/>                             (&quot;g3wtest01@gmail.com&quot;, &quot;T&quot;, True),<br/>                             (&quot;T&quot;, &quot;Tester123&quot;, True)<br/>                              ]<br/>                             )<br/>    def test_prod(self, username, password, expected):<br/>        self.fb.go_to_fb()<br/>        self.fb.fb_login(username, password)<br/>        self.fb.sleep(5)<br/>        result = self.fb.check_password_field_to_match_expected_result(expected)<br/>&gt;       self.ts.markFinal(&quot;Scenarii multiple de login&quot;, result, expected)<br/><br/>tests\facebook\test_facebook.py:27: <br/>_ _ _ _ _ _ _ _ _ _ _ _ _ _ _ _ _ _ _ _ _ _ _ _ _ _ _ _ _ _ _ _ _ _ _ _ _ _ _ _ <br/>base\utilities\resultsstatus.py:59: in markFinal<br/>    self.setResult(result, resultMessage)<br/>base\utilities\resultsstatus.py:44: in setResult<br/>    self.screenShot(resultMessage)<br/>_ _ _ _ _ _ _ _ _ _ _ _ _ _ _ _ _ _ _ _ _ _ _ _ _ _ _ _ _ _ _ _ _ _ _ _ _ _ _ _ <br/><br/>self = &lt;base.utilities.resultsstatus.ResultsStatus object at 0x000001AF2D508D68&gt;, resultMessage = True<br/><br/>    def screenShot(self, resultMessage):<br/>&gt;       fileName = resultMessage  + &quot; &quot; + str(time.strftime(&quot;%d-%m-%H-%M-%S&quot;, time.gmtime())) + &quot;.png&quot;<br/><span class="error">E       TypeError: unsupported operand type(s) for +: &#x27;bool&#x27; and &#x27;str&#x27;</span><br/><br/>base\selenium_driver.py:38: TypeError<br/>------------------------------ Captured log call -------------------------------<br/><span class="ansi1"></span><span class="ansi1 ansi31">ERROR   </span> ResultsStatus:resultsstatus.py:43 ### Exception Occurred !!!</div></td></tr></tbody>
      <tbody class="failed results-table-row">
        <tr>
          <td class="col-result">Failed</td>
          <td class="col-time">2020-04-20 18:01:46.368684</td>
          <td class="col-name">tests/facebook/test_facebook.py::FaceBookTests::test_prod[T-Tester123-True]</td>
          <td>None</td>
          <td class="col-duration">5.98</td></tr>
        <tr>
          <td class="extra" colspan="5">
            <div class="image"><a href="assets/e495e889a75073ccd7350d3cc0439ae8.png"><img src="assets/e495e889a75073ccd7350d3cc0439ae8.png"/></a></div>
            <div class="log">self = &lt;base.utilities.resultsstatus.ResultsStatus object at 0x000001AF2D4ECDA0&gt;, result = True, resultMessage = True<br/><br/>    def setResult(self, result, resultMessage):<br/>        try:<br/>            if result is not None:  # first checks if the result is None in order to further check for True and False<br/>                if result:<br/>                    self.resultList.append(&quot;PASS&quot;) # marks the results as Passed when the result is True<br/>&gt;                   self.log.info(&quot;### VERIFICATION SUCCESSFUL :: + &quot; + resultMessage)<br/><span class="error">E                   TypeError: must be str, not bool</span><br/><br/>base\utilities\resultsstatus.py:32: TypeError<br/><br/>During handling of the above exception, another exception occurred:<br/><br/>self = &lt;test_facebook.FaceBookTests object at 0x000001AF2D5500F0&gt;, username = &#x27;T&#x27;, password = &#x27;Tester123&#x27;, expected = True<br/><br/>    @pytest.mark.fb<br/>    @pytest.mark.parametrize(&quot;username,  password, expected&quot;,<br/>                             [<br/>                             (&quot;g3wtest01@gmail.com&quot;, &quot;Tester123&quot;, False),<br/>                             (&quot;g3wtest01@gmail.com&quot;, &quot;T&quot;, True),<br/>                             (&quot;T&quot;, &quot;Tester123&quot;, True)<br/>                              ]<br/>                             )<br/>    def test_prod(self, username, password, expected):<br/>        self.fb.go_to_fb()<br/>        self.fb.fb_login(username, password)<br/>        self.fb.sleep(5)<br/>        result = self.fb.check_password_field_to_match_expected_result(expected)<br/>&gt;       self.ts.markFinal(&quot;Scenarii multiple de login&quot;, result, expected)<br/><br/>tests\facebook\test_facebook.py:27: <br/>_ _ _ _ _ _ _ _ _ _ _ _ _ _ _ _ _ _ _ _ _ _ _ _ _ _ _ _ _ _ _ _ _ _ _ _ _ _ _ _ <br/>base\utilities\resultsstatus.py:59: in markFinal<br/>    self.setResult(result, resultMessage)<br/>base\utilities\resultsstatus.py:44: in setResult<br/>    self.screenShot(resultMessage)<br/>_ _ _ _ _ _ _ _ _ _ _ _ _ _ _ _ _ _ _ _ _ _ _ _ _ _ _ _ _ _ _ _ _ _ _ _ _ _ _ _ <br/><br/>self = &lt;base.utilities.resultsstatus.ResultsStatus object at 0x000001AF2D4ECDA0&gt;, resultMessage = True<br/><br/>    def screenShot(self, resultMessage):<br/>&gt;       fileName = resultMessage  + &quot; &quot; + str(time.strftime(&quot;%d-%m-%H-%M-%S&quot;, time.gmtime())) + &quot;.png&quot;<br/><span class="error">E       TypeError: unsupported operand type(s) for +: &#x27;bool&#x27; and &#x27;str&#x27;</span><br/><br/>base\selenium_driver.py:38: TypeError<br/>------------------------------ Captured log call -------------------------------<br/><span class="ansi1"></span><span class="ansi1 ansi31">ERROR   </span> ResultsStatus:resultsstatus.py:43 ### Exception Occurred !!!</div></td></tr></tbody></table></body></html>